# JRE version: Java(TM) SE Runtime Environment (7.0_60-b19) (build 1.7.0_60-b19)
# Java VM: Java HotSpot(TM) 64-Bit Server VM (24.60-b09 mixed mode bsd-amd64 compressed oops)
Heap
 PSYoungGen      total 225792K, used 168448K [0x00000007eaa80000, 0x0000000800000000, 0x0000000800000000)
  eden space 168448K, 100% used [0x00000007eaa80000,0x00000007f4f00000,0x00000007f4f00000)
  from space 57344K, 0% used [0x00000007fc800000,0x00000007fc800000,0x0000000800000000)
  to   space 90624K, 0% used [0x00000007f4f00000,0x00000007f4f00000,0x00000007fa780000)
 ParOldGen       total 699392K, used 699381K [0x00000007bff80000, 0x00000007eaa80000, 0x00000007eaa80000)
  object space 699392K, 99% used [0x00000007bff80000,0x00000007eaa7d5c8,0x00000007eaa80000)
 PSPermGen       total 66560K, used 63123K [0x00000007aff80000, 0x00000007b4080000, 0x00000007bff80000)
  object space 66560K, 94% used [0x00000007aff80000,0x00000007b3d24cb0,0x00000007b4080000)
GC Heap History (10 events):
Event: 255.409 GC heap after
Heap after GC invocations=94 (full 20):
 PSYoungGen      total 225792K, used 100504K [0x00000007eaa80000, 0x0000000800000000, 0x0000000800000000)
  eden space 168448K, 59% used [0x00000007eaa80000,0x00000007f0ca6238,0x00000007f4f00000)
  from space 57344K, 0% used [0x00000007fc800000,0x00000007fc800000,0x0000000800000000)
  to   space 90624K, 0% used [0x00000007f4f00000,0x00000007f4f00000,0x00000007fa780000)
 ParOldGen       total 699392K, used 699235K [0x00000007bff80000, 0x00000007eaa80000, 0x00000007eaa80000)
  object space 699392K, 99% used [0x00000007bff80000,0x00000007eaa58e08,0x00000007eaa80000)
 PSPermGen       total 69632K, used 63191K [0x00000007aff80000, 0x00000007b4380000, 0x00000007bff80000)
  object space 69632K, 90% used [0x00000007aff80000,0x00000007b3d35fb0,0x00000007b4380000)
}
Event: 255.789 GC heap before
{Heap before GC invocations=95 (full 21):
 PSYoungGen      total 225792K, used 168448K [0x00000007eaa80000, 0x0000000800000000, 0x0000000800000000)
  eden space 168448K, 100% used [0x00000007eaa80000,0x00000007f4f00000,0x00000007f4f00000)
  from space 57344K, 0% used [0x00000007fc800000,0x00000007fc800000,0x0000000800000000)
  to   space 90624K, 0% used [0x00000007f4f00000,0x00000007f4f00000,0x00000007fa780000)
 ParOldGen       total 699392K, used 699235K [0x00000007bff80000, 0x00000007eaa80000, 0x00000007eaa80000)
  object space 699392K, 99% used [0x00000007bff80000,0x00000007eaa58e08,0x00000007eaa80000)
 PSPermGen       total 69632K, used 63201K [0x00000007aff80000, 0x00000007b4380000, 0x00000007bff80000)
  object space 69632K, 90% used [0x00000007aff80000,0x00000007b3d384c8,0x00000007b4380000)
Event: 262.489 GC heap after
Heap after GC invocations=95 (full 21):
 PSYoungGen      total 225792K, used 100857K [0x00000007eaa80000, 0x0000000800000000, 0x0000000800000000)
  eden space 168448K, 59% used [0x00000007eaa80000,0x00000007f0cfe488,0x00000007f4f00000)
  from space 57344K, 0% used [0x00000007fc800000,0x00000007fc800000,0x0000000800000000)
  to   space 90624K, 0% used [0x00000007f4f00000,0x00000007f4f00000,0x00000007fa780000)
 ParOldGen       total 699392K, used 698936K [0x00000007bff80000, 0x00000007eaa80000, 0x00000007eaa80000)
  object space 699392K, 99% used [0x00000007bff80000,0x00000007eaa0e008,0x00000007eaa80000)
 PSPermGen       total 68608K, used 63199K [0x00000007aff80000, 0x00000007b4280000, 0x00000007bff80000)
  object space 68608K, 92% used [0x00000007aff80000,0x00000007b3d37d18,0x00000007b4280000)
}
Event: 262.829 GC heap before
{Heap before GC invocations=96 (full 22):
 PSYoungGen      total 225792K, used 168448K [0x00000007eaa80000, 0x0000000800000000, 0x0000000800000000)
  eden space 168448K, 100% used [0x00000007eaa80000,0x00000007f4f00000,0x00000007f4f00000)
  from space 57344K, 0% used [0x00000007fc800000,0x00000007fc800000,0x0000000800000000)
  to   space 90624K, 0% used [0x00000007f4f00000,0x00000007f4f00000,0x00000007fa780000)
 ParOldGen       total 699392K, used 698936K [0x00000007bff80000, 0x00000007eaa80000, 0x00000007eaa80000)
  object space 699392K, 99% used [0x00000007bff80000,0x00000007eaa0e008,0x00000007eaa80000)
 PSPermGen       total 68608K, used 63205K [0x00000007aff80000, 0x00000007b4280000, 0x00000007bff80000)
  object space 68608K, 92% used [0x00000007aff80000,0x00000007b3d39560,0x00000007b4280000)
Event: 266.721 GC heap after
Heap after GC invocations=96 (full 22):
 PSYoungGen      total 225792K, used 100778K [0x00000007eaa80000, 0x0000000800000000, 0x0000000800000000)
  eden space 168448K, 59% used [0x00000007eaa80000,0x00000007f0ceaba0,0x00000007f4f00000)
  from space 57344K, 0% used [0x00000007fc800000,0x00000007fc800000,0x0000000800000000)
  to   space 90624K, 0% used [0x00000007f4f00000,0x00000007f4f00000,0x00000007fa780000)
 ParOldGen       total 699392K, used 699294K [0x00000007bff80000, 0x00000007eaa80000, 0x00000007eaa80000)
  object space 699392K, 99% used [0x00000007bff80000,0x00000007eaa67950,0x00000007eaa80000)
 PSPermGen       total 67584K, used 63205K [0x00000007aff80000, 0x00000007b4180000, 0x00000007bff80000)
  object space 67584K, 93% used [0x00000007aff80000,0x00000007b3d39520,0x00000007b4180000)
}
Event: 267.188 GC heap before
{Heap before GC invocations=97 (full 23):
 PSYoungGen      total 225792K, used 168448K [0x00000007eaa80000, 0x0000000800000000, 0x0000000800000000)
  eden space 168448K, 100% used [0x00000007eaa80000,0x00000007f4f00000,0x00000007f4f00000)
  from space 57344K, 0% used [0x00000007fc800000,0x00000007fc800000,0x0000000800000000)
  to   space 90624K, 0% used [0x00000007f4f00000,0x00000007f4f00000,0x00000007fa780000)
 ParOldGen       total 699392K, used 699294K [0x00000007bff80000, 0x00000007eaa80000, 0x00000007eaa80000)
  object space 699392K, 99% used [0x00000007bff80000,0x00000007eaa67950,0x00000007eaa80000)
 PSPermGen       total 67584K, used 63207K [0x00000007aff80000, 0x00000007b4180000, 0x00000007bff80000)
  object space 67584K, 93% used [0x00000007aff80000,0x00000007b3d39dd8,0x00000007b4180000)
Event: 270.204 GC heap after
Heap after GC invocations=97 (full 23):
 PSYoungGen      total 225792K, used 101426K [0x00000007eaa80000, 0x0000000800000000, 0x0000000800000000)
  eden space 168448K, 60% used [0x00000007eaa80000,0x00000007f0d8c968,0x00000007f4f00000)
  from space 57344K, 0% used [0x00000007fc800000,0x00000007fc800000,0x0000000800000000)
  to   space 90624K, 0% used [0x00000007f4f00000,0x00000007f4f00000,0x00000007fa780000)
 ParOldGen       total 699392K, used 699134K [0x00000007bff80000, 0x00000007eaa80000, 0x00000007eaa80000)
  object space 699392K, 99% used [0x00000007bff80000,0x00000007eaa3fa78,0x00000007eaa80000)
 PSPermGen       total 67072K, used 63207K [0x00000007aff80000, 0x00000007b4100000, 0x00000007bff80000)
  object space 67072K, 94% used [0x00000007aff80000,0x00000007b3d39db8,0x00000007b4100000)
}
Event: 271.028 GC heap before
{Heap before GC invocations=98 (full 24):
 PSYoungGen      total 225792K, used 168448K [0x00000007eaa80000, 0x0000000800000000, 0x0000000800000000)
  eden space 168448K, 100% used [0x00000007eaa80000,0x00000007f4f00000,0x00000007f4f00000)
  from space 57344K, 0% used [0x00000007fc800000,0x00000007fc800000,0x0000000800000000)
  to   space 90624K, 0% used [0x00000007f4f00000,0x00000007f4f00000,0x00000007fa780000)
 ParOldGen       total 699392K, used 699134K [0x00000007bff80000, 0x00000007eaa80000, 0x00000007eaa80000)
  object space 699392K, 99% used [0x00000007bff80000,0x00000007eaa3fa78,0x00000007eaa80000)
 PSPermGen       total 67072K, used 63216K [0x00000007aff80000, 0x00000007b4100000, 0x00000007bff80000)
  object space 67072K, 94% used [0x00000007aff80000,0x00000007b3d3c3c0,0x00000007b4100000)
Event: 276.746 GC heap after
Heap after GC invocations=98 (full 24):
 PSYoungGen      total 225792K, used 101267K [0x00000007eaa80000, 0x0000000800000000, 0x0000000800000000)
  eden space 168448K, 60% used [0x00000007eaa80000,0x00000007f0d64c50,0x00000007f4f00000)
  from space 57344K, 0% used [0x00000007fc800000,0x00000007fc800000,0x0000000800000000)
  to   space 90624K, 0% used [0x00000007f4f00000,0x00000007f4f00000,0x00000007fa780000)
 ParOldGen       total 699392K, used 699381K [0x00000007bff80000, 0x00000007eaa80000, 0x00000007eaa80000)
  object space 699392K, 99% used [0x00000007bff80000,0x00000007eaa7d5c8,0x00000007eaa80000)
 PSPermGen       total 66560K, used 63117K [0x00000007aff80000, 0x00000007b4080000, 0x00000007bff80000)
  object space 66560K, 94% used [0x00000007aff80000,0x00000007b3d23668,0x00000007b4080000)
}
Event: 277.285 GC heap before
{Heap before GC invocations=99 (full 25):
 PSYoungGen      total 225792K, used 168448K [0x00000007eaa80000, 0x0000000800000000, 0x0000000800000000)
  eden space 168448K, 100% used [0x00000007eaa80000,0x00000007f4f00000,0x00000007f4f00000)
  from space 57344K, 0% used [0x00000007fc800000,0x00000007fc800000,0x0000000800000000)
  to   space 90624K, 0% used [0x00000007f4f00000,0x00000007f4f00000,0x00000007fa780000)
 ParOldGen       total 699392K, used 699381K [0x00000007bff80000, 0x00000007eaa80000, 0x00000007eaa80000)
  object space 699392K, 99% used [0x00000007bff80000,0x00000007eaa7d5c8,0x00000007eaa80000)
 PSPermGen       total 66560K, used 63123K [0x00000007aff80000, 0x00000007b4080000, 0x00000007bff80000)
  object space 66560K, 94% used [0x00000007aff80000,0x00000007b3d24cb0,0x00000007b4080000)

